Running: C:\Xilinx\14.7\ISE_DS\ISE\bin\nt64\unwrapped\fuse.exe -intstyle ise -incremental -lib unisims_ver -lib unimacro_ver -lib xilinxcorelib_ver -lib secureip -o C:/Users/George/Dropbox/Imperial_College_London/Thesis/RTL/flopoco/Ray_AABB_11_9/Ray_AABB_11_9_tb_isim_beh.exe -prj C:/Users/George/Dropbox/Imperial_College_London/Thesis/RTL/flopoco/Ray_AABB_11_9/Ray_AABB_11_9_tb_beh.prj work.Ray_AABB_11_9_tb work.glbl 
ISim P.20131013 (signature 0x7708f090)
Number of CPUs detected in this system: 8
Turning on mult-threading, number of parallel sub-compilation jobs: 16 
Determining compilation order of HDL files
Analyzing Verilog file "C:/Users/George/Dropbox/Imperial_College_London/Thesis/RTL/flopoco/Ray_AABB_11_9/less_than.v" into library work
Analyzing Verilog file "C:/Users/George/Dropbox/Imperial_College_London/Thesis/RTL/flopoco/Ray_AABB_11_9/less_or_equal.v" into library work
Analyzing Verilog file "C:/Users/George/Dropbox/Imperial_College_London/Thesis/RTL/flopoco/Ray_AABB_11_9/greater_than.v" into library work
Analyzing Verilog file "C:/Users/George/Dropbox/Imperial_College_London/Thesis/RTL/flopoco/Ray_AABB_11_9/greater_or_equal.v" into library work
Analyzing Verilog file "C:/Users/George/Dropbox/Imperial_College_London/Thesis/RTL/flopoco/Ray_AABB_11_9/Ray_AABB.v" into library work
Analyzing Verilog file "C:/Users/George/Dropbox/Imperial_College_London/Thesis/RTL/flopoco/Ray_AABB_11_9/Ray_AABB_11_9_tb.v" into library work
Analyzing Verilog file "C:/Xilinx/14.7/ISE_DS/ISE//verilog/src/glbl.v" into library work
Parsing VHDL file "C:/Users/George/Dropbox/Imperial_College_London/Thesis/RTL/flopoco/Ray_AABB_11_9/FPSub11_9.vhdl" into library work
Parsing VHDL file "C:/Users/George/Dropbox/Imperial_College_London/Thesis/RTL/flopoco/Ray_AABB_11_9/FPSub11_9_rndu.vhdl" into library work
Parsing VHDL file "C:/Users/George/Dropbox/Imperial_College_London/Thesis/RTL/flopoco/Ray_AABB_11_9/FPSub11_9_rndd.vhdl" into library work
Parsing VHDL file "C:/Users/George/Dropbox/Imperial_College_London/Thesis/RTL/flopoco/Ray_AABB_11_9/FPMul11_9_rndu.vhdl" into library work
Parsing VHDL file "C:/Users/George/Dropbox/Imperial_College_London/Thesis/RTL/flopoco/Ray_AABB_11_9/FPMul11_9_rndd.vhdl" into library work
Parsing VHDL file "C:/Users/George/Dropbox/Imperial_College_London/Thesis/RTL/flopoco/Ray_AABB_11_9/FPAdd11_9_rndu.vhdl" into library work
Parsing VHDL file "C:/Users/George/Dropbox/Imperial_College_London/Thesis/RTL/flopoco/Ray_AABB_11_9/FPAdd11_9_rndd.vhdl" into library work
Starting static elaboration
Completed static elaboration
Compiling module less_than
Compiling module greater_than
Compiling module greater_or_equal
Compiling module less_or_equal
Compiling module Ray_AABB_11_9
Compiling module Ray_AABB_11_9_tb
Compiling module glbl
Compiling package standard
Compiling package std_logic_1164
Compiling package std_logic_arith
Compiling package std_logic_unsigned
Compiling package textio
Compiling architecture arch of entity RightShifter_10_by_max_12_F400_uid4_rndda [rightshifter_10_by_max_12_f400_u...]
Compiling architecture arch of entity IntAdder_13_f400_uid8_rndda [intadder_13_f400_uid8_rndda_defa...]
Compiling architecture arch of entity LZCShifter_14_to_14_counting_16_F400_uid16_rndda [lzcshifter_14_to_14_counting_16_...]
Compiling architecture arch of entity IntAdder_23_f400_uid20_rndda [intadder_23_f400_uid20_rndda_def...]
Compiling architecture arch of entity FPAdd_11_9_F400_uid2_rndd [fpadd_11_9_f400_uid2_rndd_defaul...]
Compiling architecture arch of entity RightShifter_10_by_max_12_F400_uid4_rndua [rightshifter_10_by_max_12_f400_u...]
Compiling architecture arch of entity IntAdder_13_f400_uid8_rndua [intadder_13_f400_uid8_rndua_defa...]
Compiling architecture arch of entity LZCShifter_14_to_14_counting_16_F400_uid16_rndua [lzcshifter_14_to_14_counting_16_...]
Compiling architecture arch of entity IntAdder_23_f400_uid20_rndua [intadder_23_f400_uid20_rndua_def...]
Compiling architecture arch of entity FPAdd_11_9_F400_uid2_rndu [fpadd_11_9_f400_uid2_rndu_defaul...]
Compiling architecture arch of entity RightShifter_10_by_max_12_F400_uid4_rndd [rightshifter_10_by_max_12_f400_u...]
Compiling architecture arch of entity IntAdder_13_f400_uid8_rndd [intadder_13_f400_uid8_rndd_defau...]
Compiling architecture arch of entity LZCShifter_14_to_14_counting_16_F400_uid16_rndd [lzcshifter_14_to_14_counting_16_...]
Compiling architecture arch of entity IntAdder_23_f400_uid20_rndd [intadder_23_f400_uid20_rndd_defa...]
Compiling architecture arch of entity FPSub_11_9_F400_uid2_rndd [fpsub_11_9_f400_uid2_rndd_defaul...]
Compiling architecture arch of entity RightShifter_10_by_max_12_F400_uid4_rndu [rightshifter_10_by_max_12_f400_u...]
Compiling architecture arch of entity IntAdder_13_f400_uid8_rndu [intadder_13_f400_uid8_rndu_defau...]
Compiling architecture arch of entity LZCShifter_14_to_14_counting_16_F400_uid16_rndu [lzcshifter_14_to_14_counting_16_...]
Compiling architecture arch of entity IntAdder_23_f400_uid20_rndu [intadder_23_f400_uid20_rndu_defa...]
Compiling architecture arch of entity FPSub_11_9_F400_uid2_rndu [fpsub_11_9_f400_uid2_rndu_defaul...]
Compiling package numeric_std
Compiling architecture arch of entity SmallMultTableP3x3r6XuYu_F400_uid9_rndu [smallmulttablep3x3r6xuyu_f400_ui...]
Compiling architecture arch of entity Compressor_6_3_rndu [compressor_6_3_rndu_default]
Compiling architecture arch of entity Compressor_14_3_rndu [compressor_14_3_rndu_default]
Compiling architecture arch of entity Compressor_23_3_rndu [compressor_23_3_rndu_default]
Compiling architecture arch of entity Compressor_13_3_rndu [compressor_13_3_rndu_default]
Compiling architecture arch of entity Compressor_3_2_rndu [compressor_3_2_rndu_default]
Compiling architecture arch of entity IntAdder_19_f400_uid100_rndu [intadder_19_f400_uid100_rndu_def...]
Compiling architecture arch of entity IntMultiplier_UsingDSP_10_10_20_unsigned_F400_uid4_rndu [intmultiplier_usingdsp_10_10_20_...]
Compiling architecture arch of entity IntAdder_22_f400_uid110_rndu [intadder_22_f400_uid110_rndu_def...]
Compiling architecture arch of entity FPMult_11_9_F400_uid2_rndu [fpmult_11_9_f400_uid2_rndu_defau...]
Compiling architecture arch of entity SmallMultTableP3x3r6XuYu_F400_uid9 [smallmulttablep3x3r6xuyu_f400_ui...]
Compiling architecture arch of entity Compressor_6_3 [compressor_6_3_default]
Compiling architecture arch of entity Compressor_14_3 [compressor_14_3_default]
Compiling architecture arch of entity Compressor_23_3 [compressor_23_3_default]
Compiling architecture arch of entity Compressor_13_3 [compressor_13_3_default]
Compiling architecture arch of entity Compressor_3_2 [compressor_3_2_default]
Compiling architecture arch of entity IntAdder_19_f400_uid100 [intadder_19_f400_uid100_default]
Compiling architecture arch of entity IntMultiplier_UsingDSP_10_10_20_unsigned_F400_uid4 [intmultiplier_usingdsp_10_10_20_...]
Compiling architecture arch of entity IntAdder_22_f400_uid110 [intadder_22_f400_uid110_default]
Compiling architecture arch of entity FPMult_11_9_F400_uid2_rndd [fpmult_11_9_f400_uid2_rndd_defau...]
Compiling architecture arch of entity RightShifter_10_by_max_12_F400_uid4 [rightshifter_10_by_max_12_f400_u...]
Compiling architecture arch of entity IntAdder_13_f400_uid8 [intadder_13_f400_uid8_default]
Compiling architecture arch of entity LZCShifter_14_to_14_counting_16_F400_uid16 [lzcshifter_14_to_14_counting_16_...]
Compiling architecture arch of entity IntAdder_23_f400_uid20 [intadder_23_f400_uid20_default]
Compiling architecture arch of entity FPSub_11_9_F400_uid2 [fpsub_11_9_f400_uid2_default]
Time Resolution for simulation is 1ps.
Waiting for 1 sub-compilation(s) to finish...
WARNING:Simulator - Unable to copy libPortabilityNOSH.dll to the simulation executable directory: boost::filesystem::copy_file: The system cannot find the path specified, "isim\Ray_AABB_11_9_tb_isim_beh.exe.sim\libPortability.dll".
Compiled 96 VHDL Units
Compiled 7 Verilog Units
Built simulation executable C:/Users/George/Dropbox/Imperial_College_London/Thesis/RTL/flopoco/Ray_AABB_11_9/Ray_AABB_11_9_tb_isim_beh.exe
Fuse Memory Usage: 45668 KB
Fuse CPU Usage: 3562 ms
