ISim log file
Running: C:\Users\George\Dropbox\Imperial_College_London\Thesis\RTL\flopoco\Ray_AABB_11_52_pipelined_correctR\tb11_52_isim_beh.exe -intstyle ise -gui -tclbatch isim.cmd -wdb C:/Users/George/Dropbox/Imperial_College_London/Thesis/RTL/flopoco/Ray_AABB_11_52_pipelined_correctR/tb11_52_isim_beh.wdb 
ISim P.20131013 (signature 0x7708f090)
----------------------------------------------------------------------
INFO:Security:61 - The XILINXD_LICENSE_FILE environment variable is not set.
INFO:Security:63 - The LM_LICENSE_FILE environment variable is not set.
INFO:Security:68 - For more information or for assistance in obtaining 
 a license, please run the Xilinx License Configuration Manager
       (xlcm or "Manage Xilinx Licenses".)
INFO:Security:68a - user is George, on host DESKTOP-T6F7S0V.
ERROR:Security:14 - No feature was available for 'ISIM'.

No such feature exists.
Feature:       ISIM
License path:  C:/.Xilinx\Xilinx.lic;C:\Xilinx\14.7\ISE_DS\ISE\/coregen/core_licenses\Xilinx.lic;C:\Xilinx\14.7\ISE_DS\ISE\/coregen/core_licenses\XilinxFree.lic;C:\Xilinx\14.7\ISE_DS\EDK/data/core_licenses\Xilinx.lic;
FLEXnet Licensing error:-5,357
For further information, refer to the FLEXnet Licensing documentation,
available at "www.flexerasoftware.com".
----------------------------------------------------------------------
WARNING: A full ISim License cannot be checked out due to the issues listed above. Please use Xilinx License Configuration Manager to fix these issues in order to check out a full ISim license.
WARNING: ISim will run in Lite mode. Please refer to the ISim documentation for more information on the differences between the Lite and the Full version.
This is a Lite version of ISim.
Time resolution is 1 ps
# onerror resume
# wave add /
# run 1000 ns
Simulator is doing circuit initialization process.
at 0 ps, Instance /tb11_52/uut/FPsubX1/ : Warning: There is an 'U'|'X'|'W'|'Z'|'-' in an arithmetic operand, the result will be 'X'(es).
at 0 ps, Instance /tb11_52/uut/FPsubX1/fracAdder/ : Warning: There is an 'U'|'X'|'W'|'Z'|'-' in an arithmetic operand, the result will be 'X'(es).
at 0 ps, Instance /tb11_52/uut/FPsubX1/roundingAdder/ : Warning: There is an 'U'|'X'|'W'|'Z'|'-' in an arithmetic operand, the result will be 'X'(es).
at 0 ps, Instance /tb11_52/uut/FPsubX2/fracAdder/ : Warning: There is an 'U'|'X'|'W'|'Z'|'-' in an arithmetic operand, the result will be 'X'(es).
at 0 ps, Instance /tb11_52/uut/FPsubX2/roundingAdder/ : Warning: There is an 'U'|'X'|'W'|'Z'|'-' in an arithmetic operand, the result will be 'X'(es).
at 0 ps, Instance /tb11_52/uut/FPsubY1/fracAdder/ : Warning: There is an 'U'|'X'|'W'|'Z'|'-' in an arithmetic operand, the result will be 'X'(es).
at 0 ps, Instance /tb11_52/uut/FPsubY1/roundingAdder/ : Warning: There is an 'U'|'X'|'W'|'Z'|'-' in an arithmetic operand, the result will be 'X'(es).
at 0 ps, Instance /tb11_52/uut/FPsubY2/fracAdder/ : Warning: There is an 'U'|'X'|'W'|'Z'|'-' in an arithmetic operand, the result will be 'X'(es).
at 0 ps, Instance /tb11_52/uut/FPsubY2/roundingAdder/ : Warning: There is an 'U'|'X'|'W'|'Z'|'-' in an arithmetic operand, the result will be 'X'(es).
at 0 ps, Instance /tb11_52/uut/FPsubZ1/fracAdder/ : Warning: There is an 'U'|'X'|'W'|'Z'|'-' in an arithmetic operand, the result will be 'X'(es).
at 0 ps, Instance /tb11_52/uut/FPsubZ1/roundingAdder/ : Warning: There is an 'U'|'X'|'W'|'Z'|'-' in an arithmetic operand, the result will be 'X'(es).
at 0 ps, Instance /tb11_52/uut/FPsubZ2/fracAdder/ : Warning: There is an 'U'|'X'|'W'|'Z'|'-' in an arithmetic operand, the result will be 'X'(es).
at 0 ps, Instance /tb11_52/uut/FPsubZ2/roundingAdder/ : Warning: There is an 'U'|'X'|'W'|'Z'|'-' in an arithmetic operand, the result will be 'X'(es).
at 0 ps, Instance /tb11_52/uut/FPsubX2_divxUP_rndu/SignificandMultiplication/Adder_final6_0/ : Warning: There is an 'U'|'X'|'W'|'Z'|'-' in an arithmetic operand, the result will be 'X'(es).
at 0 ps, Instance /tb11_52/uut/FPsubX2_divxUP_rndu/RoundingAdder/ : Warning: There is an 'U'|'X'|'W'|'Z'|'-' in an arithmetic operand, the result will be 'X'(es).
at 0 ps, Instance /tb11_52/uut/FPsubX2_divxUP_rndd/SignificandMultiplication/Adder_final6_0/ : Warning: There is an 'U'|'X'|'W'|'Z'|'-' in an arithmetic operand, the result will be 'X'(es).
at 0 ps, Instance /tb11_52/uut/FPsubX2_divxUP_rndd/RoundingAdder/ : Warning: There is an 'U'|'X'|'W'|'Z'|'-' in an arithmetic operand, the result will be 'X'(es).
at 0 ps, Instance /tb11_52/uut/FPsubX2_divxLOW/SignificandMultiplication/Adder_final6_0/ : Warning: There is an 'U'|'X'|'W'|'Z'|'-' in an arithmetic operand, the result will be 'X'(es).
at 0 ps, Instance /tb11_52/uut/FPsubX2_divxLOW/RoundingAdder/ : Warning: There is an 'U'|'X'|'W'|'Z'|'-' in an arithmetic operand, the result will be 'X'(es).
at 0 ps, Instance /tb11_52/uut/FPsubX1_divxLOW_rndu/SignificandMultiplication/Adder_final6_0/ : Warning: There is an 'U'|'X'|'W'|'Z'|'-' in an arithmetic operand, the result will be 'X'(es).
at 0 ps, Instance /tb11_52/uut/FPsubX1_divxLOW_rndu/RoundingAdder/ : Warning: There is an 'U'|'X'|'W'|'Z'|'-' in an arithmetic operand, the result will be 'X'(es).
at 0 ps, Instance /tb11_52/uut/FPsubX1_divxLOW_rndd/SignificandMultiplication/Adder_final6_0/ : Warning: There is an 'U'|'X'|'W'|'Z'|'-' in an arithmetic operand, the result will be 'X'(es).
at 0 ps, Instance /tb11_52/uut/FPsubX1_divxLOW_rndd/RoundingAdder/ : Warning: There is an 'U'|'X'|'W'|'Z'|'-' in an arithmetic operand, the result will be 'X'(es).
at 0 ps, Instance /tb11_52/uut/FPsubX1_divxUP/SignificandMultiplication/Adder_final6_0/ : Warning: There is an 'U'|'X'|'W'|'Z'|'-' in an arithmetic operand, the result will be 'X'(es).
at 0 ps, Instance /tb11_52/uut/FPsubX1_divxUP/RoundingAdder/ : Warning: There is an 'U'|'X'|'W'|'Z'|'-' in an arithmetic operand, the result will be 'X'(es).
at 0 ps, Instance /tb11_52/uut/FPsubY2_divyUP_rndu/SignificandMultiplication/Adder_final6_0/ : Warning: There is an 'U'|'X'|'W'|'Z'|'-' in an arithmetic operand, the result will be 'X'(es).
at 0 ps, Instance /tb11_52/uut/FPsubY2_divyUP_rndu/RoundingAdder/ : Warning: There is an 'U'|'X'|'W'|'Z'|'-' in an arithmetic operand, the result will be 'X'(es).
at 0 ps, Instance /tb11_52/uut/FPsubY2_divyUP_rndd/SignificandMultiplication/Adder_final6_0/ : Warning: There is an 'U'|'X'|'W'|'Z'|'-' in an arithmetic operand, the result will be 'X'(es).
at 0 ps, Instance /tb11_52/uut/FPsubY2_divyUP_rndd/RoundingAdder/ : Warning: There is an 'U'|'X'|'W'|'Z'|'-' in an arithmetic operand, the result will be 'X'(es).
at 0 ps, Instance /tb11_52/uut/FPsubY2_divyLOW/SignificandMultiplication/Adder_final6_0/ : Warning: There is an 'U'|'X'|'W'|'Z'|'-' in an arithmetic operand, the result will be 'X'(es).
at 0 ps, Instance /tb11_52/uut/FPsubY2_divyLOW/RoundingAdder/ : Warning: There is an 'U'|'X'|'W'|'Z'|'-' in an arithmetic operand, the result will be 'X'(es).
at 0 ps, Instance /tb11_52/uut/FPsubY1_divyLOW_rndu/SignificandMultiplication/Adder_final6_0/ : Warning: There is an 'U'|'X'|'W'|'Z'|'-' in an arithmetic operand, the result will be 'X'(es).
at 0 ps, Instance /tb11_52/uut/FPsubY1_divyLOW_rndu/RoundingAdder/ : Warning: There is an 'U'|'X'|'W'|'Z'|'-' in an arithmetic operand, the result will be 'X'(es).
at 0 ps, Instance /tb11_52/uut/FPsubY1_divyLOW_rndd/SignificandMultiplication/Adder_final6_0/ : Warning: There is an 'U'|'X'|'W'|'Z'|'-' in an arithmetic operand, the result will be 'X'(es).
at 0 ps, Instance /tb11_52/uut/FPsubY1_divyLOW_rndd/RoundingAdder/ : Warning: There is an 'U'|'X'|'W'|'Z'|'-' in an arithmetic operand, the result will be 'X'(es).
at 0 ps, Instance /tb11_52/uut/FPsubY1_divyUP/SignificandMultiplication/Adder_final6_0/ : Warning: There is an 'U'|'X'|'W'|'Z'|'-' in an arithmetic operand, the result will be 'X'(es).
at 0 ps, Instance /tb11_52/uut/FPsubY1_divyUP/RoundingAdder/ : Warning: There is an 'U'|'X'|'W'|'Z'|'-' in an arithmetic operand, the result will be 'X'(es).
at 0 ps, Instance /tb11_52/uut/FPsubZ2_divzUP_rndu/SignificandMultiplication/Adder_final6_0/ : Warning: There is an 'U'|'X'|'W'|'Z'|'-' in an arithmetic operand, the result will be 'X'(es).
at 0 ps, Instance /tb11_52/uut/FPsubZ2_divzUP_rndu/RoundingAdder/ : Warning: There is an 'U'|'X'|'W'|'Z'|'-' in an arithmetic operand, the result will be 'X'(es).
at 0 ps, Instance /tb11_52/uut/FPsubZ2_divzUP_rndd/SignificandMultiplication/Adder_final6_0/ : Warning: There is an 'U'|'X'|'W'|'Z'|'-' in an arithmetic operand, the result will be 'X'(es).
at 0 ps, Instance /tb11_52/uut/FPsubZ2_divzUP_rndd/RoundingAdder/ : Warning: There is an 'U'|'X'|'W'|'Z'|'-' in an arithmetic operand, the result will be 'X'(es).
at 0 ps, Instance /tb11_52/uut/FPsubZ2_divzLOW/SignificandMultiplication/Adder_final6_0/ : Warning: There is an 'U'|'X'|'W'|'Z'|'-' in an arithmetic operand, the result will be 'X'(es).
at 0 ps, Instance /tb11_52/uut/FPsubZ2_divzLOW/RoundingAdder/ : Warning: There is an 'U'|'X'|'W'|'Z'|'-' in an arithmetic operand, the result will be 'X'(es).
at 0 ps, Instance /tb11_52/uut/FPsubZ1_divzLOW_rndu/SignificandMultiplication/Adder_final6_0/ : Warning: There is an 'U'|'X'|'W'|'Z'|'-' in an arithmetic operand, the result will be 'X'(es).
at 0 ps, Instance /tb11_52/uut/FPsubZ1_divzLOW_rndu/RoundingAdder/ : Warning: There is an 'U'|'X'|'W'|'Z'|'-' in an arithmetic operand, the result will be 'X'(es).
at 0 ps, Instance /tb11_52/uut/FPsubZ1_divzLOW_rndd/SignificandMultiplication/Adder_final6_0/ : Warning: There is an 'U'|'X'|'W'|'Z'|'-' in an arithmetic operand, the result will be 'X'(es).
at 0 ps, Instance /tb11_52/uut/FPsubZ1_divzLOW_rndd/RoundingAdder/ : Warning: There is an 'U'|'X'|'W'|'Z'|'-' in an arithmetic operand, the result will be 'X'(es).
at 0 ps, Instance /tb11_52/uut/FPsubZ1_divzUP/SignificandMultiplication/Adder_final6_0/ : Warning: There is an 'U'|'X'|'W'|'Z'|'-' in an arithmetic operand, the result will be 'X'(es).
at 0 ps, Instance /tb11_52/uut/FPsubZ1_divzUP/RoundingAdder/ : Warning: There is an 'U'|'X'|'W'|'Z'|'-' in an arithmetic operand, the result will be 'X'(es).
at 0 ps, Instance /tb11_52/uut/lessX0_X1/FPsub/fracAdder/ : Warning: There is an 'U'|'X'|'W'|'Z'|'-' in an arithmetic operand, the result will be 'X'(es).
at 0 ps, Instance /tb11_52/uut/lessX0_X1/FPsub/roundingAdder/ : Warning: There is an 'U'|'X'|'W'|'Z'|'-' in an arithmetic operand, the result will be 'X'(es).
at 0 ps, Instance /tb11_52/uut/gre_thanX/FPsub/fracAdder/ : Warning: There is an 'U'|'X'|'W'|'Z'|'-' in an arithmetic operand, the result will be 'X'(es).
at 0 ps, Instance /tb11_52/uut/gre_thanX/FPsub/roundingAdder/ : Warning: There is an 'U'|'X'|'W'|'Z'|'-' in an arithmetic operand, the result will be 'X'(es).
at 0 ps, Instance /tb11_52/uut/lessY0_Y1/FPsub/fracAdder/ : Warning: There is an 'U'|'X'|'W'|'Z'|'-' in an arithmetic operand, the result will be 'X'(es).
at 0 ps, Instance /tb11_52/uut/lessY0_Y1/FPsub/roundingAdder/ : Warning: There is an 'U'|'X'|'W'|'Z'|'-' in an arithmetic operand, the result will be 'X'(es).
at 0 ps, Instance /tb11_52/uut/gre_thanY/FPsub/fracAdder/ : Warning: There is an 'U'|'X'|'W'|'Z'|'-' in an arithmetic operand, the result will be 'X'(es).
at 0 ps, Instance /tb11_52/uut/gre_thanY/FPsub/roundingAdder/ : Warning: There is an 'U'|'X'|'W'|'Z'|'-' in an arithmetic operand, the result will be 'X'(es).
at 0 ps, Instance /tb11_52/uut/lessZ0_Z1/FPsub/fracAdder/ : Warning: There is an 'U'|'X'|'W'|'Z'|'-' in an arithmetic operand, the result will be 'X'(es).
at 0 ps, Instance /tb11_52/uut/lessZ0_Z1/FPsub/roundingAdder/ : Warning: There is an 'U'|'X'|'W'|'Z'|'-' in an arithmetic operand, the result will be 'X'(es).
at 0 ps, Instance /tb11_52/uut/gre_thanZ/FPsub/fracAdder/ : Warning: There is an 'U'|'X'|'W'|'Z'|'-' in an arithmetic operand, the result will be 'X'(es).
at 0 ps, Instance /tb11_52/uut/gre_thanZ/FPsub/roundingAdder/ : Warning: There is an 'U'|'X'|'W'|'Z'|'-' in an arithmetic operand, the result will be 'X'(es).
at 0 ps, Instance /tb11_52/uut/gre_than_tymin_txmin/FPsub/fracAdder/ : Warning: There is an 'U'|'X'|'W'|'Z'|'-' in an arithmetic operand, the result will be 'X'(es).
at 0 ps, Instance /tb11_52/uut/gre_than_tymin_txmin/FPsub/roundingAdder/ : Warning: There is an 'U'|'X'|'W'|'Z'|'-' in an arithmetic operand, the result will be 'X'(es).
at 0 ps, Instance /tb11_52/uut/gre_than_tzmin_tymin/FPsub/fracAdder/ : Warning: There is an 'U'|'X'|'W'|'Z'|'-' in an arithmetic operand, the result will be 'X'(es).
at 0 ps, Instance /tb11_52/uut/gre_than_tzmin_tymin/FPsub/roundingAdder/ : Warning: There is an 'U'|'X'|'W'|'Z'|'-' in an arithmetic operand, the result will be 'X'(es).
at 0 ps, Instance /tb11_52/uut/gre_than_txmin_tzmin/FPsub/fracAdder/ : Warning: There is an 'U'|'X'|'W'|'Z'|'-' in an arithmetic operand, the result will be 'X'(es).
at 0 ps, Instance /tb11_52/uut/gre_than_txmin_tzmin/FPsub/roundingAdder/ : Warning: There is an 'U'|'X'|'W'|'Z'|'-' in an arithmetic operand, the result will be 'X'(es).
at 0 ps, Instance /tb11_52/uut/gre_or_eq_txmin_tymin/FPsub/fracAdder/ : Warning: There is an 'U'|'X'|'W'|'Z'|'-' in an arithmetic operand, the result will be 'X'(es).
at 0 ps, Instance /tb11_52/uut/gre_or_eq_txmin_tymin/FPsub/roundingAdder/ : Warning: There is an 'U'|'X'|'W'|'Z'|'-' in an arithmetic operand, the result will be 'X'(es).
at 0 ps, Instance /tb11_52/uut/less_than_tymax_txmax/FPsub/fracAdder/ : Warning: There is an 'U'|'X'|'W'|'Z'|'-' in an arithmetic operand, the result will be 'X'(es).
at 0 ps, Instance /tb11_52/uut/less_than_tymax_txmax/FPsub/roundingAdder/ : Warning: There is an 'U'|'X'|'W'|'Z'|'-' in an arithmetic operand, the result will be 'X'(es).
at 0 ps, Instance /tb11_52/uut/less_than_tzmax_tymax/FPsub/fracAdder/ : Warning: There is an 'U'|'X'|'W'|'Z'|'-' in an arithmetic operand, the result will be 'X'(es).
at 0 ps, Instance /tb11_52/uut/less_than_tzmax_tymax/FPsub/roundingAdder/ : Warning: There is an 'U'|'X'|'W'|'Z'|'-' in an arithmetic operand, the result will be 'X'(es).
at 0 ps, Instance /tb11_52/uut/less_than_txmax_tzmax/FPsub/fracAdder/ : Warning: There is an 'U'|'X'|'W'|'Z'|'-' in an arithmetic operand, the result will be 'X'(es).
at 0 ps, Instance /tb11_52/uut/less_than_txmax_tzmax/FPsub/roundingAdder/ : Warning: There is an 'U'|'X'|'W'|'Z'|'-' in an arithmetic operand, the result will be 'X'(es).
at 0 ps, Instance /tb11_52/uut/less_or_eq_txmax_tymax/FPsub/fracAdder/ : Warning: There is an 'U'|'X'|'W'|'Z'|'-' in an arithmetic operand, the result will be 'X'(es).
at 0 ps, Instance /tb11_52/uut/less_or_eq_txmax_tymax/FPsub/roundingAdder/ : Warning: There is an 'U'|'X'|'W'|'Z'|'-' in an arithmetic operand, the result will be 'X'(es).
at 0 ps, Instance /tb11_52/uut/gre_or_eq_tfar_tnear/FPsub/fracAdder/ : Warning: There is an 'U'|'X'|'W'|'Z'|'-' in an arithmetic operand, the result will be 'X'(es).
at 0 ps, Instance /tb11_52/uut/gre_or_eq_tfar_tnear/FPsub/roundingAdder/ : Warning: There is an 'U'|'X'|'W'|'Z'|'-' in an arithmetic operand, the result will be 'X'(es).
Finished circuit initialization process.
WARNING: This is a limited version of the ISim. The current design has exceeded the design size limit for this version and the performance of the simulation will be derated. Please contact your nearest sales office at http://www.xilinx.com/company/contact.htm or visit the Xilinx on-line store at http://www.xilinx.com/onlinestore/design_resources.htm if interested in purchasing the full, unlimited version of this simulator.
at 0 ps, Instance /tb11_52/uut/FPsubX1/fracAdder/ : Warning: There is an 'U'|'X'|'W'|'Z'|'-' in an arithmetic operand, the result will be 'X'(es).
at 0 ps, Instance /tb11_52/uut/FPsubX2/fracAdder/ : Warning: There is an 'U'|'X'|'W'|'Z'|'-' in an arithmetic operand, the result will be 'X'(es).
at 0 ps, Instance /tb11_52/uut/FPsubY1/fracAdder/ : Warning: There is an 'U'|'X'|'W'|'Z'|'-' in an arithmetic operand, the result will be 'X'(es).
at 0 ps, Instance /tb11_52/uut/FPsubY2/fracAdder/ : Warning: There is an 'U'|'X'|'W'|'Z'|'-' in an arithmetic operand, the result will be 'X'(es).
at 0 ps, Instance /tb11_52/uut/FPsubZ1/fracAdder/ : Warning: There is an 'U'|'X'|'W'|'Z'|'-' in an arithmetic operand, the result will be 'X'(es).
at 0 ps, Instance /tb11_52/uut/FPsubZ2/fracAdder/ : Warning: There is an 'U'|'X'|'W'|'Z'|'-' in an arithmetic operand, the result will be 'X'(es).
at 0 ps, Instance /tb11_52/uut/lessX0_X1/FPsub/fracAdder/ : Warning: There is an 'U'|'X'|'W'|'Z'|'-' in an arithmetic operand, the result will be 'X'(es).
at 0 ps, Instance /tb11_52/uut/gre_thanX/FPsub/fracAdder/ : Warning: There is an 'U'|'X'|'W'|'Z'|'-' in an arithmetic operand, the result will be 'X'(es).
at 0 ps, Instance /tb11_52/uut/lessY0_Y1/FPsub/fracAdder/ : Warning: There is an 'U'|'X'|'W'|'Z'|'-' in an arithmetic operand, the result will be 'X'(es).
at 0 ps, Instance /tb11_52/uut/gre_thanY/FPsub/fracAdder/ : Warning: There is an 'U'|'X'|'W'|'Z'|'-' in an arithmetic operand, the result will be 'X'(es).
at 0 ps, Instance /tb11_52/uut/lessZ0_Z1/FPsub/fracAdder/ : Warning: There is an 'U'|'X'|'W'|'Z'|'-' in an arithmetic operand, the result will be 'X'(es).
at 0 ps, Instance /tb11_52/uut/gre_thanZ/FPsub/fracAdder/ : Warning: There is an 'U'|'X'|'W'|'Z'|'-' in an arithmetic operand, the result will be 'X'(es).
at 0 ps, Instance /tb11_52/uut/gre_than_tymin_txmin/FPsub/fracAdder/ : Warning: There is an 'U'|'X'|'W'|'Z'|'-' in an arithmetic operand, the result will be 'X'(es).
at 0 ps, Instance /tb11_52/uut/gre_than_tzmin_tymin/FPsub/fracAdder/ : Warning: There is an 'U'|'X'|'W'|'Z'|'-' in an arithmetic operand, the result will be 'X'(es).
at 0 ps, Instance /tb11_52/uut/gre_than_txmin_tzmin/FPsub/fracAdder/ : Warning: There is an 'U'|'X'|'W'|'Z'|'-' in an arithmetic operand, the result will be 'X'(es).
at 0 ps, Instance /tb11_52/uut/gre_or_eq_txmin_tymin/FPsub/fracAdder/ : Warning: There is an 'U'|'X'|'W'|'Z'|'-' in an arithmetic operand, the result will be 'X'(es).
at 0 ps, Instance /tb11_52/uut/less_than_tymax_txmax/FPsub/fracAdder/ : Warning: There is an 'U'|'X'|'W'|'Z'|'-' in an arithmetic operand, the result will be 'X'(es).
at 0 ps, Instance /tb11_52/uut/less_than_tzmax_tymax/FPsub/fracAdder/ : Warning: There is an 'U'|'X'|'W'|'Z'|'-' in an arithmetic operand, the result will be 'X'(es).
at 0 ps, Instance /tb11_52/uut/less_than_txmax_tzmax/FPsub/fracAdder/ : Warning: There is an 'U'|'X'|'W'|'Z'|'-' in an arithmetic operand, the result will be 'X'(es).
at 0 ps, Instance /tb11_52/uut/less_or_eq_txmax_tymax/FPsub/fracAdder/ : Warning: There is an 'U'|'X'|'W'|'Z'|'-' in an arithmetic operand, the result will be 'X'(es).
at 0 ps, Instance /tb11_52/uut/gre_or_eq_tfar_tnear/FPsub/fracAdder/ : Warning: There is an 'U'|'X'|'W'|'Z'|'-' in an arithmetic operand, the result will be 'X'(es).
at 25 ns(4), Instance /tb11_52/uut/FPsubX1/fracAdder/ : Warning: There is an 'U'|'X'|'W'|'Z'|'-' in an arithmetic operand, the result will be 'X'(es).
at 25 ns(4), Instance /tb11_52/uut/FPsubX2/fracAdder/ : Warning: There is an 'U'|'X'|'W'|'Z'|'-' in an arithmetic operand, the result will be 'X'(es).
at 25 ns(4), Instance /tb11_52/uut/FPsubY1/fracAdder/ : Warning: There is an 'U'|'X'|'W'|'Z'|'-' in an arithmetic operand, the result will be 'X'(es).
at 25 ns(4), Instance /tb11_52/uut/FPsubY2/fracAdder/ : Warning: There is an 'U'|'X'|'W'|'Z'|'-' in an arithmetic operand, the result will be 'X'(es).
at 25 ns(4), Instance /tb11_52/uut/FPsubZ1/fracAdder/ : Warning: There is an 'U'|'X'|'W'|'Z'|'-' in an arithmetic operand, the result will be 'X'(es).
at 25 ns(4), Instance /tb11_52/uut/FPsubZ2/fracAdder/ : Warning: There is an 'U'|'X'|'W'|'Z'|'-' in an arithmetic operand, the result will be 'X'(es).
at 25 ns(4), Instance /tb11_52/uut/lessX0_X1/FPsub/fracAdder/ : Warning: There is an 'U'|'X'|'W'|'Z'|'-' in an arithmetic operand, the result will be 'X'(es).
at 25 ns(4), Instance /tb11_52/uut/gre_thanX/FPsub/fracAdder/ : Warning: There is an 'U'|'X'|'W'|'Z'|'-' in an arithmetic operand, the result will be 'X'(es).
at 25 ns(4), Instance /tb11_52/uut/lessY0_Y1/FPsub/fracAdder/ : Warning: There is an 'U'|'X'|'W'|'Z'|'-' in an arithmetic operand, the result will be 'X'(es).
at 25 ns(4), Instance /tb11_52/uut/gre_thanY/FPsub/fracAdder/ : Warning: There is an 'U'|'X'|'W'|'Z'|'-' in an arithmetic operand, the result will be 'X'(es).
at 25 ns(4), Instance /tb11_52/uut/lessZ0_Z1/FPsub/fracAdder/ : Warning: There is an 'U'|'X'|'W'|'Z'|'-' in an arithmetic operand, the result will be 'X'(es).
at 25 ns(4), Instance /tb11_52/uut/gre_thanZ/FPsub/fracAdder/ : Warning: There is an 'U'|'X'|'W'|'Z'|'-' in an arithmetic operand, the result will be 'X'(es).
at 25 ns(4), Instance /tb11_52/uut/gre_than_tymin_txmin/FPsub/fracAdder/ : Warning: There is an 'U'|'X'|'W'|'Z'|'-' in an arithmetic operand, the result will be 'X'(es).
at 25 ns(4), Instance /tb11_52/uut/gre_than_tzmin_tymin/FPsub/fracAdder/ : Warning: There is an 'U'|'X'|'W'|'Z'|'-' in an arithmetic operand, the result will be 'X'(es).
at 25 ns(4), Instance /tb11_52/uut/gre_than_txmin_tzmin/FPsub/fracAdder/ : Warning: There is an 'U'|'X'|'W'|'Z'|'-' in an arithmetic operand, the result will be 'X'(es).
at 25 ns(4), Instance /tb11_52/uut/gre_or_eq_txmin_tymin/FPsub/fracAdder/ : Warning: There is an 'U'|'X'|'W'|'Z'|'-' in an arithmetic operand, the result will be 'X'(es).
at 25 ns(4), Instance /tb11_52/uut/less_than_tymax_txmax/FPsub/fracAdder/ : Warning: There is an 'U'|'X'|'W'|'Z'|'-' in an arithmetic operand, the result will be 'X'(es).
at 25 ns(4), Instance /tb11_52/uut/less_than_tzmax_tymax/FPsub/fracAdder/ : Warning: There is an 'U'|'X'|'W'|'Z'|'-' in an arithmetic operand, the result will be 'X'(es).
at 25 ns(4), Instance /tb11_52/uut/less_than_txmax_tzmax/FPsub/fracAdder/ : Warning: There is an 'U'|'X'|'W'|'Z'|'-' in an arithmetic operand, the result will be 'X'(es).
at 25 ns(4), Instance /tb11_52/uut/less_or_eq_txmax_tymax/FPsub/fracAdder/ : Warning: There is an 'U'|'X'|'W'|'Z'|'-' in an arithmetic operand, the result will be 'X'(es).
at 25 ns(4), Instance /tb11_52/uut/gre_or_eq_tfar_tnear/FPsub/fracAdder/ : Warning: There is an 'U'|'X'|'W'|'Z'|'-' in an arithmetic operand, the result will be 'X'(es).
at 45 ns(3), Instance /tb11_52/uut/gre_than_tymin_txmin/FPsub/fracAdder/ : Warning: There is an 'U'|'X'|'W'|'Z'|'-' in an arithmetic operand, the result will be 'X'(es).
at 45 ns(3), Instance /tb11_52/uut/gre_than_tzmin_tymin/FPsub/fracAdder/ : Warning: There is an 'U'|'X'|'W'|'Z'|'-' in an arithmetic operand, the result will be 'X'(es).
at 45 ns(3), Instance /tb11_52/uut/gre_than_txmin_tzmin/FPsub/fracAdder/ : Warning: There is an 'U'|'X'|'W'|'Z'|'-' in an arithmetic operand, the result will be 'X'(es).
at 45 ns(3), Instance /tb11_52/uut/gre_or_eq_txmin_tymin/FPsub/fracAdder/ : Warning: There is an 'U'|'X'|'W'|'Z'|'-' in an arithmetic operand, the result will be 'X'(es).
at 45 ns(3), Instance /tb11_52/uut/less_than_tymax_txmax/FPsub/fracAdder/ : Warning: There is an 'U'|'X'|'W'|'Z'|'-' in an arithmetic operand, the result will be 'X'(es).
at 45 ns(3), Instance /tb11_52/uut/less_than_tzmax_tymax/FPsub/fracAdder/ : Warning: There is an 'U'|'X'|'W'|'Z'|'-' in an arithmetic operand, the result will be 'X'(es).
at 45 ns(3), Instance /tb11_52/uut/less_than_txmax_tzmax/FPsub/fracAdder/ : Warning: There is an 'U'|'X'|'W'|'Z'|'-' in an arithmetic operand, the result will be 'X'(es).
at 45 ns(3), Instance /tb11_52/uut/less_or_eq_txmax_tymax/FPsub/fracAdder/ : Warning: There is an 'U'|'X'|'W'|'Z'|'-' in an arithmetic operand, the result will be 'X'(es).
at 45 ns(3), Instance /tb11_52/uut/gre_or_eq_tfar_tnear/FPsub/fracAdder/ : Warning: There is an 'U'|'X'|'W'|'Z'|'-' in an arithmetic operand, the result will be 'X'(es).
at 45 ns(4), Instance /tb11_52/uut/gre_than_tymin_txmin/FPsub/fracAdder/ : Warning: There is an 'U'|'X'|'W'|'Z'|'-' in an arithmetic operand, the result will be 'X'(es).
at 45 ns(4), Instance /tb11_52/uut/gre_than_tzmin_tymin/FPsub/fracAdder/ : Warning: There is an 'U'|'X'|'W'|'Z'|'-' in an arithmetic operand, the result will be 'X'(es).
at 45 ns(4), Instance /tb11_52/uut/gre_than_txmin_tzmin/FPsub/fracAdder/ : Warning: There is an 'U'|'X'|'W'|'Z'|'-' in an arithmetic operand, the result will be 'X'(es).
at 45 ns(4), Instance /tb11_52/uut/gre_or_eq_txmin_tymin/FPsub/fracAdder/ : Warning: There is an 'U'|'X'|'W'|'Z'|'-' in an arithmetic operand, the result will be 'X'(es).
at 45 ns(4), Instance /tb11_52/uut/less_than_tymax_txmax/FPsub/fracAdder/ : Warning: There is an 'U'|'X'|'W'|'Z'|'-' in an arithmetic operand, the result will be 'X'(es).
at 45 ns(4), Instance /tb11_52/uut/less_than_tzmax_tymax/FPsub/fracAdder/ : Warning: There is an 'U'|'X'|'W'|'Z'|'-' in an arithmetic operand, the result will be 'X'(es).
at 45 ns(4), Instance /tb11_52/uut/less_than_txmax_tzmax/FPsub/fracAdder/ : Warning: There is an 'U'|'X'|'W'|'Z'|'-' in an arithmetic operand, the result will be 'X'(es).
at 45 ns(4), Instance /tb11_52/uut/less_or_eq_txmax_tymax/FPsub/fracAdder/ : Warning: There is an 'U'|'X'|'W'|'Z'|'-' in an arithmetic operand, the result will be 'X'(es).
at 45 ns(4), Instance /tb11_52/uut/gre_or_eq_tfar_tnear/FPsub/fracAdder/ : Warning: There is an 'U'|'X'|'W'|'Z'|'-' in an arithmetic operand, the result will be 'X'(es).
