Running: C:\Xilinx\14.7\ISE_DS\ISE\bin\nt64\unwrapped\fuse.exe -intstyle ise -incremental -lib unisims_ver -lib unimacro_ver -lib xilinxcorelib_ver -lib secureip -o C:/Users/George/Dropbox/Imperial_College_London/Thesis/RTL/flopoco/Ray_AABB_11_6/Ray_AABB_11_6_tb_isim_beh.exe -prj C:/Users/George/Dropbox/Imperial_College_London/Thesis/RTL/flopoco/Ray_AABB_11_6/Ray_AABB_11_6_tb_beh.prj work.Ray_AABB_11_6_tb work.glbl 
ISim P.20131013 (signature 0x7708f090)
Number of CPUs detected in this system: 8
Turning on mult-threading, number of parallel sub-compilation jobs: 16 
Determining compilation order of HDL files
Analyzing Verilog file "C:/Users/George/Dropbox/Imperial_College_London/Thesis/RTL/flopoco/Ray_AABB_11_6/less_than.v" into library work
Analyzing Verilog file "C:/Users/George/Dropbox/Imperial_College_London/Thesis/RTL/flopoco/Ray_AABB_11_6/less_or_equal.v" into library work
Analyzing Verilog file "C:/Users/George/Dropbox/Imperial_College_London/Thesis/RTL/flopoco/Ray_AABB_11_6/greater_than.v" into library work
Analyzing Verilog file "C:/Users/George/Dropbox/Imperial_College_London/Thesis/RTL/flopoco/Ray_AABB_11_6/greater_or_equal.v" into library work
Analyzing Verilog file "C:/Users/George/Dropbox/Imperial_College_London/Thesis/RTL/flopoco/Ray_AABB_11_6/Ray_AABB.v" into library work
Analyzing Verilog file "C:/Users/George/Dropbox/Imperial_College_London/Thesis/RTL/flopoco/Ray_AABB_11_6/Ray_AABB_11_6_tb.v" into library work
Analyzing Verilog file "C:/Xilinx/14.7/ISE_DS/ISE//verilog/src/glbl.v" into library work
Parsing VHDL file "C:/Users/George/Dropbox/Imperial_College_London/Thesis/RTL/flopoco/Ray_AABB_11_6/FPSub11_6.vhdl" into library work
Parsing VHDL file "C:/Users/George/Dropbox/Imperial_College_London/Thesis/RTL/flopoco/Ray_AABB_11_6/FPSub11_6_rndu.vhdl" into library work
Parsing VHDL file "C:/Users/George/Dropbox/Imperial_College_London/Thesis/RTL/flopoco/Ray_AABB_11_6/FPSub11_6_rndd.vhdl" into library work
Parsing VHDL file "C:/Users/George/Dropbox/Imperial_College_London/Thesis/RTL/flopoco/Ray_AABB_11_6/FPMul11_6_rndu.vhdl" into library work
Parsing VHDL file "C:/Users/George/Dropbox/Imperial_College_London/Thesis/RTL/flopoco/Ray_AABB_11_6/FPMul11_6_rndd.vhdl" into library work
Parsing VHDL file "C:/Users/George/Dropbox/Imperial_College_London/Thesis/RTL/flopoco/Ray_AABB_11_6/FPAdd11_6_rndu.vhdl" into library work
Parsing VHDL file "C:/Users/George/Dropbox/Imperial_College_London/Thesis/RTL/flopoco/Ray_AABB_11_6/FPAdd11_6_rndd.vhdl" into library work
Starting static elaboration
Completed static elaboration
Compiling module less_than
Compiling module greater_than
Compiling module greater_or_equal
Compiling module less_or_equal
Compiling module Ray_AABB_11_6
Compiling module Ray_AABB_11_6_tb
Compiling module glbl
Compiling package standard
Compiling package std_logic_1164
Compiling package std_logic_arith
Compiling package std_logic_unsigned
Compiling package textio
Compiling architecture arch of entity RightShifter_7_by_max_9_F400_uid4_rndda [rightshifter_7_by_max_9_f400_uid...]
Compiling architecture arch of entity IntAdder_10_f400_uid8_rndda [intadder_10_f400_uid8_rndda_defa...]
Compiling architecture arch of entity LZCShifter_11_to_11_counting_16_F400_uid16_rndda [lzcshifter_11_to_11_counting_16_...]
Compiling architecture arch of entity IntAdder_20_f400_uid20_rndda [intadder_20_f400_uid20_rndda_def...]
Compiling architecture arch of entity FPAdd_11_6_F400_uid2_rndd [fpadd_11_6_f400_uid2_rndd_defaul...]
Compiling architecture arch of entity RightShifter_7_by_max_9_F400_uid4_rndua [rightshifter_7_by_max_9_f400_uid...]
Compiling architecture arch of entity IntAdder_10_f400_uid8_rndua [intadder_10_f400_uid8_rndua_defa...]
Compiling architecture arch of entity LZCShifter_11_to_11_counting_16_F400_uid16_rndua [lzcshifter_11_to_11_counting_16_...]
Compiling architecture arch of entity IntAdder_20_f400_uid20_rndua [intadder_20_f400_uid20_rndua_def...]
Compiling architecture arch of entity FPAdd_11_6_F400_uid2_rndu [fpadd_11_6_f400_uid2_rndu_defaul...]
Compiling architecture arch of entity RightShifter_7_by_max_9_F400_uid4_rndd [rightshifter_7_by_max_9_f400_uid...]
Compiling architecture arch of entity IntAdder_10_f400_uid8_rndd [intadder_10_f400_uid8_rndd_defau...]
Compiling architecture arch of entity LZCShifter_11_to_11_counting_16_F400_uid16_rndd [lzcshifter_11_to_11_counting_16_...]
Compiling architecture arch of entity IntAdder_20_f400_uid20_rndd [intadder_20_f400_uid20_rndd_defa...]
Compiling architecture arch of entity FPSub_11_6_F400_uid2_rndd [fpsub_11_6_f400_uid2_rndd_defaul...]
Compiling architecture arch of entity RightShifter_7_by_max_9_F400_uid4_rndu [rightshifter_7_by_max_9_f400_uid...]
Compiling architecture arch of entity IntAdder_10_f400_uid8_rndu [intadder_10_f400_uid8_rndu_defau...]
Compiling architecture arch of entity LZCShifter_11_to_11_counting_16_F400_uid16_rndu [lzcshifter_11_to_11_counting_16_...]
Compiling architecture arch of entity IntAdder_20_f400_uid20_rndu [intadder_20_f400_uid20_rndu_defa...]
Compiling architecture arch of entity FPSub_11_6_F400_uid2_rndu [fpsub_11_6_f400_uid2_rndu_defaul...]
Compiling package numeric_std
Compiling architecture arch of entity SmallMultTableP3x3r6XuYu_F400_uid9_rndu [smallmulttablep3x3r6xuyu_f400_ui...]
Compiling architecture arch of entity Compressor_14_3_rndu [compressor_14_3_rndu_default]
Compiling architecture arch of entity Compressor_23_3_rndu [compressor_23_3_rndu_default]
Compiling architecture arch of entity Compressor_13_3_rndu [compressor_13_3_rndu_default]
Compiling architecture arch of entity Compressor_3_2_rndu [compressor_3_2_rndu_default]
Compiling architecture arch of entity IntAdder_13_f400_uid58_rndu [intadder_13_f400_uid58_rndu_defa...]
Compiling architecture arch of entity IntMultiplier_UsingDSP_7_7_14_unsigned_F400_uid4_rndu [intmultiplier_usingdsp_7_7_14_un...]
Compiling architecture arch of entity IntAdder_19_f400_uid68_rndu [intadder_19_f400_uid68_rndu_defa...]
Compiling architecture arch of entity FPMult_11_6_F400_uid2_rndu [fpmult_11_6_f400_uid2_rndu_defau...]
Compiling architecture arch of entity SmallMultTableP3x3r6XuYu_F400_uid9 [smallmulttablep3x3r6xuyu_f400_ui...]
Compiling architecture arch of entity Compressor_14_3 [compressor_14_3_default]
Compiling architecture arch of entity Compressor_23_3 [compressor_23_3_default]
Compiling architecture arch of entity Compressor_13_3 [compressor_13_3_default]
Compiling architecture arch of entity Compressor_3_2 [compressor_3_2_default]
Compiling architecture arch of entity IntAdder_13_f400_uid58 [intadder_13_f400_uid58_default]
Compiling architecture arch of entity IntMultiplier_UsingDSP_7_7_14_unsigned_F400_uid4 [intmultiplier_usingdsp_7_7_14_un...]
Compiling architecture arch of entity IntAdder_19_f400_uid68 [intadder_19_f400_uid68_default]
Compiling architecture arch of entity FPMult_11_6_F400_uid2_rndd [fpmult_11_6_f400_uid2_rndd_defau...]
Compiling architecture arch of entity RightShifter_7_by_max_9_F400_uid4 [rightshifter_7_by_max_9_f400_uid...]
Compiling architecture arch of entity IntAdder_10_f400_uid8 [intadder_10_f400_uid8_default]
Compiling architecture arch of entity LZCShifter_11_to_11_counting_16_F400_uid16 [lzcshifter_11_to_11_counting_16_...]
Compiling architecture arch of entity IntAdder_20_f400_uid20 [intadder_20_f400_uid20_default]
Compiling architecture arch of entity FPSub_11_6_F400_uid2 [fpsub_11_6_f400_uid2_default]
Time Resolution for simulation is 1ps.
Waiting for 1 sub-compilation(s) to finish...
WARNING:Simulator - Unable to copy libPortabilityNOSH.dll to the simulation executable directory: boost::filesystem::copy_file: The system cannot find the path specified, "isim\Ray_AABB_11_6_tb_isim_beh.exe.sim\libPortability.dll".
Compiled 92 VHDL Units
Compiled 7 Verilog Units
Built simulation executable C:/Users/George/Dropbox/Imperial_College_London/Thesis/RTL/flopoco/Ray_AABB_11_6/Ray_AABB_11_6_tb_isim_beh.exe
Fuse Memory Usage: 44548 KB
Fuse CPU Usage: 3437 ms
